Removed Pin From Net: NetName=+5 Pin=5V out-1
Removed Pin From Net: NetName=GND Pin=5V out-2
Removed Pin From Net: NetName=+5 Pin=Buck Cconvertor-3
Removed Pin From Net: NetName=+5 Pin=NodeMCU-SD0
Removed Pin From Net: NetName=NetMAIN_POW_D4_1 Pin=TIP122_ZD_2-2
Change Component Designator: OldDesignator=5V out NewDesignator=Power_button
Added Component: Designator=I2C(HDR1X4)
Add component (AddParameter): Name = "LatestRevisionDate"; Value = "17-Jul-2002"; VariantName = "[No Variations]"
Add component (AddParameter): Name = "LatestRevisionNote"; Value = "Re-released for DXP Platform."; VariantName = "[No Variations]"
Add component (AddParameter): Name = "Publisher"; Value = "Altium Limited"; VariantName = "[No Variations]"
Added Component: Designator=Resistor(PCBComponent_1)
Added Component: Designator=Resistor(PCBComponent_1)
Added Component: Designator=Sensor(HDR1X8)
Add component (AddParameter): Name = "LatestRevisionDate"; Value = "17-Jul-2002"; VariantName = "[No Variations]"
Add component (AddParameter): Name = "LatestRevisionNote"; Value = "Re-released for DXP Platform."; VariantName = "[No Variations]"
Add component (AddParameter): Name = "Publisher"; Value = "Altium Limited"; VariantName = "[No Variations]"
Added Component: Designator=WIFI_button(RAD-0.2)
Add component (AddParameter): Name = "LatestRevisionDate"; Value = "17-Jul-2002"; VariantName = "[No Variations]"
Add component (AddParameter): Name = "LatestRevisionNote"; Value = "Re-released for DXP Platform."; VariantName = "[No Variations]"
Add component (AddParameter): Name = "PackageDescription"; Value = "Radial Cap, Thru-Hole; 2 Leads; 0.2 in Pin Spacing"; VariantName = "[No Variations]"
Add component (AddParameter): Name = "PackageReference"; Value = "RAD-0.2"; VariantName = "[No Variations]"
Add component (AddParameter): Name = "Published"; Value = "24-Mar-1999"; VariantName = "[No Variations]"
Add component (AddParameter): Name = "Publisher"; Value = "Altium Limited"; VariantName = "[No Variations]"
Added Pin To Net: NetName=GND Pin=I2C-1
Added Pin To Net: NetName=+5 Pin=I2C-2
Added Pin To Net: NetName=GND Pin=NodeMCU-GND
Added Pin To Net: NetName=GND Pin=NodeMCU-GND
Added Pin To Net: NetName=GND Pin=NodeMCU-GND
Added Pin To Net: NetName=GND Pin=NodeMCU-GND
Added Pin To Net: NetName=+5 Pin=NodeMCU-VIN
Added Pin To Net: NetName=+5 Pin=Power_button-2
Added Pin To Net: NetName=GND Pin=Resistor-1
Added Pin To Net: NetName=NetMAIN_POW_D4_1 Pin=Resistor-2
Added Pin To Net: NetName=+5 Pin=Sensor-1
Added Pin To Net: NetName=GND Pin=Sensor-2
Added Pin To Net: NetName=D3 Pin=NodeMCU-D3
Added Pin To Net: NetName=D3 Pin=Sensor-8
Added Net: Name=D3
Added Pin To Net: NetName=D5 Pin=NodeMCU-D5
Added Pin To Net: NetName=D5 Pin=Resistor-2
Added Pin To Net: NetName=D5 Pin=WIFI_button-1
Added Net: Name=D5
Added Pin To Net: NetName=NetBuck Cconvertor_3 Pin=Buck Cconvertor-3
Added Pin To Net: NetName=NetBuck Cconvertor_3 Pin=Power_button-1
Added Net: Name=NetBuck Cconvertor_3
Added Pin To Net: NetName=NetNodeMCU_3V3 Pin=NodeMCU-3V3
Added Pin To Net: NetName=NetNodeMCU_3V3 Pin=NodeMCU-3V3
Added Pin To Net: NetName=NetNodeMCU_3V3 Pin=NodeMCU-3V3
Added Pin To Net: NetName=NetNodeMCU_3V3 Pin=WIFI_button-2
Added Net: Name=NetNodeMCU_3V3
Added Pin To Net: NetName=NetResistor_1 Pin=Resistor-1
Added Pin To Net: NetName=NetResistor_1 Pin=TIP122_ZD_2-2
Added Net: Name=NetResistor_1
Added Pin To Net: NetName=SCL Pin=I2C-4
Added Pin To Net: NetName=SCL Pin=NodeMCU-D1
Added Net: Name=SCL
Added Pin To Net: NetName=SDA Pin=I2C-3
Added Pin To Net: NetName=SDA Pin=NodeMCU-D2
Added Net: Name=SDA
Added Member To Class: ClassName=circuit Member=Component I2C Header 4
Added Member To Class: ClassName=circuit Member=Component Resistor Component_1
Added Member To Class: ClassName=circuit Member=Component Resistor 470
Added Member To Class: ClassName=circuit Member=Component Sensor Header 8
Added Member To Class: ClassName=circuit Member=Component WIFI_button Jumper
